[debug] [2019-12-09T09:30:28.501Z] ----------------------------------------------------------------------
[debug] [2019-12-09T09:30:28.503Z] Command:       C:\Program Files\nodejs\node.exe C:\Users\Xavier\AppData\Roaming\npm\node_modules\firebase-tools\lib\bin\firebase.js serve -p 4000
[debug] [2019-12-09T09:30:28.503Z] CLI Version:   7.9.0
[debug] [2019-12-09T09:30:28.503Z] Platform:      win32
[debug] [2019-12-09T09:30:28.504Z] Node Version:  v10.16.0
[debug] [2019-12-09T09:30:28.505Z] Time:          Mon Dec 09 2019 17:30:28 GMT+0800 (Singapore Standard Time)
[debug] [2019-12-09T09:30:28.505Z] ----------------------------------------------------------------------
[debug] [2019-12-09T09:30:28.505Z] 
[debug] [2019-12-09T09:30:28.517Z] > command requires scopes: ["email","openid","https://www.googleapis.com/auth/cloudplatformprojects.readonly","https://www.googleapis.com/auth/firebase","https://www.googleapis.com/auth/cloud-platform"]
[debug] [2019-12-09T09:30:28.518Z] > authorizing via signed-in user
[debug] [2019-12-09T09:30:28.518Z] [iam] checking project profolio-craft for permissions ["firebase.projects.get"]
[debug] [2019-12-09T09:30:28.521Z] >>> HTTP REQUEST POST https://cloudresourcemanager.googleapis.com/v1/projects/profolio-craft:testIamPermissions  

[debug] [2019-12-09T09:30:29.715Z] <<< HTTP RESPONSE 200
[debug] [2019-12-09T09:30:29.717Z] >>> HTTP REQUEST GET https://firebase.googleapis.com/v1beta1/projects/profolio-craft  
 
[debug] [2019-12-09T09:30:29.999Z] <<< HTTP RESPONSE 200
[info] 
[info] === Serving from 'C:\Users\Xavier\Downloads\Website Projects\Portfolio\portfolio'...
[info] 
[debug] [2019-12-09T09:30:30.007Z] >>> HTTP REQUEST GET https://firebase.googleapis.com/v1beta1/projects/profolio-craft/webApps/-/config  
 
[debug] [2019-12-09T09:30:31.023Z] <<< HTTP RESPONSE 200
[info] i  hosting: Serving hosting files from: dist
[info] +  hosting: Local server: http://localhost:4000
[warn] !  Your requested "node" version "8" doesn't match your global version "10"
[info] +  functions: Emulator started at http://localhost:4001
[info] i  functions: Watching "C:\Users\Xavier\Downloads\Website Projects\Portfolio\portfolio\functions" for Cloud Functions...
[debug] [2019-12-09T09:30:32.551Z] [worker-~diagnostic~-068e3613-9877-49a8-9b26-80607065bc9f]: Assigning socketPath: \\?\pipe\C:\Users\Xavier\Downloads\Website Projects\Portfolio\portfolio\functions\17740
[debug] [2019-12-09T09:30:32.552Z] [worker-~diagnostic~-068e3613-9877-49a8-9b26-80607065bc9f]: BUSY
[debug] [2019-12-09T09:30:33.433Z] [runtime-status] [17740] Functions runtime initialized. {"cwd":"C:\\Users\\Xavier\\Downloads\\Website Projects\\Portfolio\\portfolio\\functions","node_version":"10.16.0"}
[debug] [2019-12-09T09:30:33.435Z] [runtime-status] [17740] Disabled runtime features: {"functions_config_helper":true,"network_filtering":true,"timeout":true,"memory_limiting":true,"admin_stubs":true,"pubsub_emulator":true}
[debug] [2019-12-09T09:30:33.442Z] [runtime-status] [17740] Resolved module firebase-admin {"declared":true,"installed":true,"version":"8.8.0","resolution":"C:\\Users\\Xavier\\Downloads\\Website Projects\\Portfolio\\portfolio\\functions\\node_modules\\firebase-admin\\lib\\index.js"}
[debug] [2019-12-09T09:30:33.447Z] [runtime-status] [17740] Resolved module firebase-functions {"declared":true,"installed":true,"version":"3.3.0","resolution":"C:\\Users\\Xavier\\Downloads\\Website Projects\\Portfolio\\portfolio\\functions\\node_modules\\firebase-functions\\lib\\index.js"}
[debug] [2019-12-09T09:30:33.448Z] [runtime-status] [17740] Resolved module firebase-functions {"declared":true,"installed":true,"version":"3.3.0","resolution":"C:\\Users\\Xavier\\Downloads\\Website Projects\\Portfolio\\portfolio\\functions\\node_modules\\firebase-functions\\lib\\index.js"}
[debug] [2019-12-09T09:30:33.545Z] Unsupported trigger: {"eventTrigger":{"resource":"projects/profolio-craft","eventType":"providers/firebase.auth/eventTypes/user.create","service":"firebaseauth.googleapis.com"},"name":"userJoined","entryPoint":"userJoined"}
[info] i  functions[projectCreated]: function ignored because the firestore emulator does not exist or is not running.
[info] i  functions[userJoined]: function ignored because the firebaseauth.googleapis.com emulator does not exist or is not running.
[debug] [2019-12-09T09:30:33.571Z] [worker-~diagnostic~-068e3613-9877-49a8-9b26-80607065bc9f]: exited
[debug] [2019-12-09T09:30:33.571Z] [worker-~diagnostic~-068e3613-9877-49a8-9b26-80607065bc9f]: FINISHED
